Connecting to database specified by database.yml
Connecting to database specified by database.yml
Compiled jquery.js  (4ms)  (pid 6732)
Compiled jquery_ujs.js  (0ms)  (pid 6732)
Compiled bootstrap.js  (130ms)  (pid 6732)
Compiled courses.js  (61ms)  (pid 6732)
Compiled users.js  (59ms)  (pid 6732)
Compiled application.js  (281ms)  (pid 6732)
Compiled bootstrap_and_overrides.css  (1692ms)  (pid 6732)
Compiled courses.css  (2ms)  (pid 6732)
Compiled home.css  (1ms)  (pid 6732)
Compiled users.css  (1ms)  (pid 6732)
Compiled application.css  (1734ms)  (pid 6732)
Connecting to database specified by database.yml
Compiled jquery.js  (3ms)  (pid 6732)
Compiled jquery_ujs.js  (0ms)  (pid 6732)
Compiled bootstrap.js  (95ms)  (pid 6732)
Compiled courses.js  (59ms)  (pid 6732)
Compiled users.js  (62ms)  (pid 6732)
Compiled application.js  (239ms)  (pid 6732)
Compiled bootstrap_and_overrides.css  (1667ms)  (pid 6732)
Compiled courses.css  (1ms)  (pid 6732)
Compiled home.css  (0ms)  (pid 6732)
Compiled users.css  (0ms)  (pid 6732)
Compiled application.css  (1691ms)  (pid 6732)
Connecting to database specified by database.yml
