2013-11-18 17:20:12 org.apache.solr.core.SolrResourceLoader locateSolrHome
信息: JNDI not configured for solr (NoInitialContextEx)
2013-11-18 17:20:12 org.apache.solr.core.SolrResourceLoader locateSolrHome
信息: using system property solr.solr.home: /Users/zhe-mac/Code/MentorLandDeploy/solr
2013-11-18 17:20:12 org.apache.solr.core.SolrResourceLoader <init>
信息: Solr home set to '/Users/zhe-mac/Code/MentorLandDeploy/solr/'
2013-11-18 17:20:12 org.apache.solr.servlet.SolrDispatchFilter init
信息: SolrDispatchFilter.init()
2013-11-18 17:20:12 org.apache.solr.core.SolrResourceLoader locateSolrHome
信息: JNDI not configured for solr (NoInitialContextEx)
2013-11-18 17:20:12 org.apache.solr.core.SolrResourceLoader locateSolrHome
信息: using system property solr.solr.home: /Users/zhe-mac/Code/MentorLandDeploy/solr
2013-11-18 17:20:12 org.apache.solr.core.CoreContainer$Initializer initialize
信息: looking for solr.xml: /Users/zhe-mac/Code/MentorLandDeploy/solr/solr.xml
2013-11-18 17:20:12 org.apache.solr.core.SolrResourceLoader <init>
信息: Solr home set to '/Users/zhe-mac/Code/MentorLandDeploy/solr/'
2013-11-18 17:20:12 org.apache.solr.core.SolrConfig initLibs
信息: Adding specified lib dirs to ClassLoader
2013-11-18 17:20:13 org.apache.solr.core.SolrConfig <init>
信息: Loaded SolrConfig: solrconfig.xml
2013-11-18 17:20:13 org.apache.solr.core.SolrCore <init>
信息: Opening new SolrCore at /Users/zhe-mac/Code/MentorLandDeploy/solr/, dataDir=/Users/zhe-mac/Code/MentorLandDeploy/solr/data/development/
2013-11-18 17:20:13 org.apache.solr.schema.IndexSchema readSchema
信息: Reading Solr Schema
2013-11-18 17:20:13 org.apache.solr.schema.IndexSchema readSchema
信息: Schema name=sunspot
2013-11-18 17:20:13 org.apache.solr.util.plugin.AbstractPluginLoader load
信息: created string: org.apache.solr.schema.StrField
2013-11-18 17:20:13 org.apache.solr.util.plugin.AbstractPluginLoader load
信息: created tdouble: org.apache.solr.schema.TrieDoubleField
2013-11-18 17:20:13 org.apache.solr.util.plugin.AbstractPluginLoader load
信息: created rand: org.apache.solr.schema.RandomSortField
2013-11-18 17:20:13 org.apache.solr.util.plugin.AbstractPluginLoader load
信息: created null: org.apache.solr.analysis.StandardTokenizerFactory
2013-11-18 17:20:13 org.apache.solr.util.plugin.AbstractPluginLoader load
信息: created null: org.apache.solr.analysis.StandardFilterFactory
2013-11-18 17:20:13 org.apache.solr.util.plugin.AbstractPluginLoader load
信息: created null: org.apache.solr.analysis.LowerCaseFilterFactory
2013-11-18 17:20:13 org.apache.solr.util.plugin.AbstractPluginLoader load
信息: created text: org.apache.solr.schema.TextField
2013-11-18 17:20:13 org.apache.solr.util.plugin.AbstractPluginLoader load
信息: created boolean: org.apache.solr.schema.BoolField
2013-11-18 17:20:13 org.apache.solr.util.plugin.AbstractPluginLoader load
信息: created date: org.apache.solr.schema.DateField
2013-11-18 17:20:13 org.apache.solr.util.plugin.AbstractPluginLoader load
信息: created sdouble: org.apache.solr.schema.SortableDoubleField
2013-11-18 17:20:13 org.apache.solr.util.plugin.AbstractPluginLoader load
信息: created sfloat: org.apache.solr.schema.SortableFloatField
2013-11-18 17:20:13 org.apache.solr.util.plugin.AbstractPluginLoader load
信息: created sint: org.apache.solr.schema.SortableIntField
2013-11-18 17:20:13 org.apache.solr.util.plugin.AbstractPluginLoader load
信息: created slong: org.apache.solr.schema.SortableLongField
2013-11-18 17:20:13 org.apache.solr.util.plugin.AbstractPluginLoader load
信息: created tint: org.apache.solr.schema.TrieIntField
2013-11-18 17:20:13 org.apache.solr.util.plugin.AbstractPluginLoader load
信息: created tfloat: org.apache.solr.schema.TrieFloatField
2013-11-18 17:20:13 org.apache.solr.util.plugin.AbstractPluginLoader load
信息: created tdate: org.apache.solr.schema.TrieDateField
2013-11-18 17:20:13 org.apache.solr.schema.IndexSchema readSchema
信息: default search field is text
2013-11-18 17:20:13 org.apache.solr.schema.IndexSchema readSchema
信息: query parser default operator is AND
2013-11-18 17:20:13 org.apache.solr.schema.IndexSchema readSchema
信息: unique key field: id
2013-11-18 17:20:13 org.apache.solr.core.JmxMonitoredMap <init>
信息: No JMX servers found, not exposing Solr information with JMX.
2013-11-18 17:20:13 org.apache.solr.core.SolrCore initListeners
信息: Added SolrEventListener: org.apache.solr.core.QuerySenderListener{queries=[]}
2013-11-18 17:20:13 org.apache.solr.core.SolrCore initListeners
信息: Added SolrEventListener: org.apache.solr.core.QuerySenderListener{queries=[{q=solr rocks,start=0,rows=10}, {q=static firstSearcher warming query from solrconfig.xml}]}
2013-11-18 17:20:13 org.apache.solr.core.SolrCore initIndex
警告: Solr index directory '/Users/zhe-mac/Code/MentorLandDeploy/solr/data/development/index' doesn't exist. Creating new index...
2013-11-18 17:20:13 org.apache.solr.core.SolrDeletionPolicy onInit
信息: SolrDeletionPolicy.onInit: commits:num=1
	commit{dir=/Users/zhe-mac/Code/MentorLandDeploy/solr/data/development/index,segFN=segments_1,version=1384824013358,generation=1,filenames=[segments_1]
2013-11-18 17:20:13 org.apache.solr.core.SolrDeletionPolicy updateCommits
信息: newest commit = 1384824013358
2013-11-18 17:20:13 org.apache.solr.request.XSLTResponseWriter init
信息: xsltCacheLifetimeSeconds=5
2013-11-18 17:20:13 org.apache.solr.core.RequestHandlers initHandlersFromConfig
信息: created standard: solr.SearchHandler
2013-11-18 17:20:13 org.apache.solr.core.RequestHandlers initHandlersFromConfig
信息: created dismax: solr.SearchHandler
2013-11-18 17:20:13 org.apache.solr.core.RequestHandlers initHandlersFromConfig
信息: created partitioned: solr.SearchHandler
2013-11-18 17:20:13 org.apache.solr.core.RequestHandlers initHandlersFromConfig
信息: created /spell: solr.SearchHandler
2013-11-18 17:20:13 org.apache.solr.core.RequestHandlers initHandlersFromConfig
信息: created tvrh: org.apache.solr.handler.component.SearchHandler
2013-11-18 17:20:13 org.apache.solr.core.RequestHandlers initHandlersFromConfig
信息: adding lazy requestHandler: org.apache.solr.handler.extraction.ExtractingRequestHandler
2013-11-18 17:20:13 org.apache.solr.core.RequestHandlers initHandlersFromConfig
信息: created /update/extract: org.apache.solr.handler.extraction.ExtractingRequestHandler
2013-11-18 17:20:13 org.apache.solr.core.RequestHandlers initHandlersFromConfig
信息: created /terms: org.apache.solr.handler.component.SearchHandler
2013-11-18 17:20:13 org.apache.solr.core.RequestHandlers initHandlersFromConfig
信息: adding lazy requestHandler: solr.SearchHandler
2013-11-18 17:20:13 org.apache.solr.core.RequestHandlers initHandlersFromConfig
信息: created /elevate: solr.SearchHandler
2013-11-18 17:20:13 org.apache.solr.core.RequestHandlers initHandlersFromConfig
信息: created /update: solr.XmlUpdateRequestHandler
2013-11-18 17:20:13 org.apache.solr.core.RequestHandlers initHandlersFromConfig
信息: created /update/javabin: solr.BinaryUpdateRequestHandler
2013-11-18 17:20:13 org.apache.solr.core.RequestHandlers initHandlersFromConfig
信息: created /analysis/document: solr.DocumentAnalysisRequestHandler
2013-11-18 17:20:13 org.apache.solr.core.RequestHandlers initHandlersFromConfig
信息: created /analysis/field: solr.FieldAnalysisRequestHandler
2013-11-18 17:20:13 org.apache.solr.core.RequestHandlers initHandlersFromConfig
信息: adding lazy requestHandler: solr.CSVRequestHandler
2013-11-18 17:20:13 org.apache.solr.core.RequestHandlers initHandlersFromConfig
信息: created /update/csv: solr.CSVRequestHandler
2013-11-18 17:20:13 org.apache.solr.core.RequestHandlers initHandlersFromConfig
信息: created /admin/: org.apache.solr.handler.admin.AdminHandlers
2013-11-18 17:20:13 org.apache.solr.core.RequestHandlers initHandlersFromConfig
信息: created /admin/ping: PingRequestHandler
2013-11-18 17:20:13 org.apache.solr.core.RequestHandlers initHandlersFromConfig
信息: created /debug/dump: solr.DumpRequestHandler
2013-11-18 17:20:13 org.apache.solr.core.RequestHandlers initHandlersFromConfig
信息: created /mlt: solr.MoreLikeThisHandler
2013-11-18 17:20:13 org.apache.solr.search.SolrIndexSearcher <init>
信息: Opening Searcher@31554233 main
2013-11-18 17:20:13 org.apache.solr.update.DirectUpdateHandler2$CommitTracker <init>
信息: AutoCommit: disabled
2013-11-18 17:20:13 org.apache.solr.handler.component.SpellCheckComponent inform
信息: Initializing spell checkers
2013-11-18 17:20:13 org.apache.solr.spelling.AbstractLuceneSpellChecker init
信息: Using WhitespaceAnalzyer for dictionary: default
2013-11-18 17:20:13 org.apache.solr.handler.component.SpellCheckComponent inform
警告: No queryConverter defined, using default converter
2013-11-18 17:20:13 org.apache.solr.handler.component.QueryElevationComponent inform
信息: Loading QueryElevation from: /Users/zhe-mac/Code/MentorLandDeploy/solr/conf/elevate.xml
2013-11-18 17:20:13 org.apache.solr.handler.component.SearchHandler inform
信息: Adding  component:org.apache.solr.handler.component.QueryComponent@1d6b6c55
2013-11-18 17:20:13 org.apache.solr.handler.component.SearchHandler inform
信息: Adding  component:org.apache.solr.handler.component.FacetComponent@77954f89
2013-11-18 17:20:13 org.apache.solr.handler.component.SearchHandler inform
信息: Adding  component:org.apache.solr.handler.component.MoreLikeThisComponent@6b98e8b4
2013-11-18 17:20:13 org.apache.solr.handler.component.SearchHandler inform
信息: Adding  component:org.apache.solr.handler.component.HighlightComponent@3d5b89c
2013-11-18 17:20:13 org.apache.solr.handler.component.SearchHandler inform
信息: Adding  component:org.apache.solr.handler.component.StatsComponent@444b0bbb
2013-11-18 17:20:13 org.apache.solr.handler.component.SearchHandler inform
信息: Adding  debug component:org.apache.solr.handler.component.DebugComponent@1aef4504
2013-11-18 17:20:13 org.apache.solr.handler.component.SearchHandler inform
信息: Adding  component:org.apache.solr.handler.component.QueryComponent@1d6b6c55
2013-11-18 17:20:13 org.apache.solr.handler.component.SearchHandler inform
信息: Adding  component:org.apache.solr.handler.component.FacetComponent@77954f89
2013-11-18 17:20:13 org.apache.solr.handler.component.SearchHandler inform
信息: Adding  component:org.apache.solr.handler.component.MoreLikeThisComponent@6b98e8b4
2013-11-18 17:20:13 org.apache.solr.handler.component.SearchHandler inform
信息: Adding  component:org.apache.solr.handler.component.HighlightComponent@3d5b89c
2013-11-18 17:20:13 org.apache.solr.handler.component.SearchHandler inform
信息: Adding  component:org.apache.solr.handler.component.StatsComponent@444b0bbb
2013-11-18 17:20:13 org.apache.solr.handler.component.SearchHandler inform
信息: Adding  debug component:org.apache.solr.handler.component.DebugComponent@1aef4504
2013-11-18 17:20:13 org.apache.solr.handler.component.SearchHandler inform
信息: Adding  component:org.apache.solr.handler.component.QueryComponent@1d6b6c55
2013-11-18 17:20:13 org.apache.solr.handler.component.SearchHandler inform
信息: Adding  component:org.apache.solr.handler.component.FacetComponent@77954f89
2013-11-18 17:20:13 org.apache.solr.handler.component.SearchHandler inform
信息: Adding  component:org.apache.solr.handler.component.MoreLikeThisComponent@6b98e8b4
2013-11-18 17:20:13 org.apache.solr.handler.component.SearchHandler inform
信息: Adding  component:org.apache.solr.handler.component.HighlightComponent@3d5b89c
2013-11-18 17:20:13 org.apache.solr.handler.component.SearchHandler inform
信息: Adding  component:org.apache.solr.handler.component.StatsComponent@444b0bbb
2013-11-18 17:20:13 org.apache.solr.handler.component.SearchHandler inform
信息: Adding  debug component:org.apache.solr.handler.component.DebugComponent@1aef4504
2013-11-18 17:20:13 org.apache.solr.handler.component.SearchHandler inform
信息: Adding  component:org.apache.solr.handler.component.QueryComponent@1d6b6c55
2013-11-18 17:20:13 org.apache.solr.handler.component.SearchHandler inform
信息: Adding  component:org.apache.solr.handler.component.FacetComponent@77954f89
2013-11-18 17:20:13 org.apache.solr.handler.component.SearchHandler inform
信息: Adding  component:org.apache.solr.handler.component.MoreLikeThisComponent@6b98e8b4
2013-11-18 17:20:13 org.apache.solr.handler.component.SearchHandler inform
信息: Adding  component:org.apache.solr.handler.component.HighlightComponent@3d5b89c
2013-11-18 17:20:13 org.apache.solr.handler.component.SearchHandler inform
信息: Adding  component:org.apache.solr.handler.component.StatsComponent@444b0bbb
2013-11-18 17:20:13 org.apache.solr.handler.component.SearchHandler inform
信息: Adding  component:org.apache.solr.handler.component.SpellCheckComponent@529c176c
2013-11-18 17:20:13 org.apache.solr.handler.component.SearchHandler inform
信息: Adding  debug component:org.apache.solr.handler.component.DebugComponent@1aef4504
2013-11-18 17:20:13 org.apache.solr.handler.component.SearchHandler inform
信息: Adding  component:org.apache.solr.handler.component.QueryComponent@1d6b6c55
2013-11-18 17:20:13 org.apache.solr.handler.component.SearchHandler inform
信息: Adding  component:org.apache.solr.handler.component.FacetComponent@77954f89
2013-11-18 17:20:13 org.apache.solr.handler.component.SearchHandler inform
信息: Adding  component:org.apache.solr.handler.component.MoreLikeThisComponent@6b98e8b4
2013-11-18 17:20:13 org.apache.solr.handler.component.SearchHandler inform
信息: Adding  component:org.apache.solr.handler.component.HighlightComponent@3d5b89c
2013-11-18 17:20:13 org.apache.solr.handler.component.SearchHandler inform
信息: Adding  component:org.apache.solr.handler.component.StatsComponent@444b0bbb
2013-11-18 17:20:13 org.apache.solr.handler.component.SearchHandler inform
信息: Adding  component:org.apache.solr.handler.component.TermVectorComponent@5c5ddd3
2013-11-18 17:20:13 org.apache.solr.handler.component.SearchHandler inform
信息: Adding  debug component:org.apache.solr.handler.component.DebugComponent@1aef4504
2013-11-18 17:20:13 org.apache.solr.handler.component.SearchHandler inform
信息: Adding  component:org.apache.solr.handler.component.TermsComponent@1664a9b
2013-11-18 17:20:13 org.apache.solr.core.QuerySenderListener newSearcher
信息: QuerySenderListener sending requests to Searcher@31554233 main
2013-11-18 17:20:13 org.apache.solr.core.CoreContainer register
信息: registering core: 
2013-11-18 17:20:13 org.apache.solr.servlet.SolrDispatchFilter init
信息: user.dir=/Users/zhe-mac/.rvm/gems/ruby-2.0.0-p247/gems/sunspot_solr-1.3.3/solr
2013-11-18 17:20:13 org.apache.solr.servlet.SolrDispatchFilter init
信息: SolrDispatchFilter.init() done
2013-11-18 17:20:13 org.apache.solr.core.SolrCore execute
信息: [] webapp=null path=null params={start=0&event=firstSearcher&q=solr+rocks&rows=10} hits=0 status=0 QTime=27 
2013-11-18 17:20:13 org.apache.solr.core.SolrCore execute
信息: [] webapp=null path=null params={event=firstSearcher&q=static+firstSearcher+warming+query+from+solrconfig.xml} hits=0 status=0 QTime=1 
2013-11-18 17:20:13 org.apache.solr.core.QuerySenderListener newSearcher
信息: QuerySenderListener done.
2013-11-18 17:20:13 org.apache.solr.handler.component.SpellCheckComponent$SpellCheckerListener newSearcher
信息: Loading spell index for spellchecker: default
2013-11-18 17:20:13 org.apache.solr.core.SolrCore registerSearcher
信息: [] Registered new searcher Searcher@31554233 main
2013-11-18 17:20:13 org.apache.solr.servlet.SolrServlet init
信息: SolrServlet.init()
2013-11-18 17:20:13 org.apache.solr.core.SolrResourceLoader locateSolrHome
信息: JNDI not configured for solr (NoInitialContextEx)
2013-11-18 17:20:13 org.apache.solr.core.SolrResourceLoader locateSolrHome
信息: using system property solr.solr.home: /Users/zhe-mac/Code/MentorLandDeploy/solr
2013-11-18 17:20:13 org.apache.solr.servlet.SolrServlet init
信息: SolrServlet.init() done
2013-11-18 17:20:13 org.apache.solr.core.SolrResourceLoader locateSolrHome
信息: JNDI not configured for solr (NoInitialContextEx)
2013-11-18 17:20:13 org.apache.solr.core.SolrResourceLoader locateSolrHome
信息: using system property solr.solr.home: /Users/zhe-mac/Code/MentorLandDeploy/solr
2013-11-18 17:20:13 org.apache.solr.servlet.SolrUpdateServlet init
信息: SolrUpdateServlet.init() done
2013-11-18 17:20:19 org.apache.solr.core.SolrDeletionPolicy onInit
信息: SolrDeletionPolicy.onInit: commits:num=1
	commit{dir=/Users/zhe-mac/Code/MentorLandDeploy/solr/data/development/index,segFN=segments_1,version=1384824013358,generation=1,filenames=[segments_1]
2013-11-18 17:20:19 org.apache.solr.core.SolrDeletionPolicy updateCommits
信息: newest commit = 1384824013358
2013-11-18 17:20:19 org.apache.solr.update.processor.LogUpdateProcessor finish
信息: {deleteByQuery=type:Course} 0 33
2013-11-18 17:20:19 org.apache.solr.core.SolrCore execute
信息: [] webapp=/solr path=/update params={wt=ruby} status=0 QTime=33 
2013-11-18 17:20:19 org.apache.solr.update.DirectUpdateHandler2 commit
信息: start commit(optimize=false,waitFlush=false,waitSearcher=true,expungeDeletes=false)
2013-11-18 17:20:19 org.apache.solr.search.SolrIndexSearcher <init>
信息: Opening Searcher@7ce1eae7 main
2013-11-18 17:20:19 org.apache.solr.update.DirectUpdateHandler2 commit
信息: end_commit_flush
2013-11-18 17:20:19 org.apache.solr.search.SolrIndexSearcher warm
信息: autowarming Searcher@7ce1eae7 main from Searcher@31554233 main
	fieldValueCache{lookups=0,hits=0,hitratio=0.00,inserts=0,evictions=0,size=0,warmupTime=0,cumulative_lookups=0,cumulative_hits=0,cumulative_hitratio=0.00,cumulative_inserts=0,cumulative_evictions=0}
2013-11-18 17:20:19 org.apache.solr.search.SolrIndexSearcher warm
信息: autowarming result for Searcher@7ce1eae7 main
	fieldValueCache{lookups=0,hits=0,hitratio=0.00,inserts=0,evictions=0,size=0,warmupTime=0,cumulative_lookups=0,cumulative_hits=0,cumulative_hitratio=0.00,cumulative_inserts=0,cumulative_evictions=0}
2013-11-18 17:20:19 org.apache.solr.search.SolrIndexSearcher warm
信息: autowarming Searcher@7ce1eae7 main from Searcher@31554233 main
	filterCache{lookups=0,hits=0,hitratio=0.00,inserts=0,evictions=0,size=0,warmupTime=0,cumulative_lookups=0,cumulative_hits=0,cumulative_hitratio=0.00,cumulative_inserts=0,cumulative_evictions=0}
2013-11-18 17:20:19 org.apache.solr.search.SolrIndexSearcher warm
信息: autowarming result for Searcher@7ce1eae7 main
	filterCache{lookups=0,hits=0,hitratio=0.00,inserts=0,evictions=0,size=0,warmupTime=0,cumulative_lookups=0,cumulative_hits=0,cumulative_hitratio=0.00,cumulative_inserts=0,cumulative_evictions=0}
2013-11-18 17:20:19 org.apache.solr.search.SolrIndexSearcher warm
信息: autowarming Searcher@7ce1eae7 main from Searcher@31554233 main
	queryResultCache{lookups=0,hits=0,hitratio=0.00,inserts=2,evictions=0,size=2,warmupTime=0,cumulative_lookups=0,cumulative_hits=0,cumulative_hitratio=0.00,cumulative_inserts=0,cumulative_evictions=0}
2013-11-18 17:20:19 org.apache.solr.search.SolrIndexSearcher warm
信息: autowarming result for Searcher@7ce1eae7 main
	queryResultCache{lookups=0,hits=0,hitratio=0.00,inserts=0,evictions=0,size=0,warmupTime=0,cumulative_lookups=0,cumulative_hits=0,cumulative_hitratio=0.00,cumulative_inserts=0,cumulative_evictions=0}
2013-11-18 17:20:19 org.apache.solr.search.SolrIndexSearcher warm
信息: autowarming Searcher@7ce1eae7 main from Searcher@31554233 main
	documentCache{lookups=0,hits=0,hitratio=0.00,inserts=0,evictions=0,size=0,warmupTime=0,cumulative_lookups=0,cumulative_hits=0,cumulative_hitratio=0.00,cumulative_inserts=0,cumulative_evictions=0}
2013-11-18 17:20:19 org.apache.solr.search.SolrIndexSearcher warm
信息: autowarming result for Searcher@7ce1eae7 main
	documentCache{lookups=0,hits=0,hitratio=0.00,inserts=0,evictions=0,size=0,warmupTime=0,cumulative_lookups=0,cumulative_hits=0,cumulative_hitratio=0.00,cumulative_inserts=0,cumulative_evictions=0}
2013-11-18 17:20:19 org.apache.solr.core.QuerySenderListener newSearcher
信息: QuerySenderListener sending requests to Searcher@7ce1eae7 main
2013-11-18 17:20:19 org.apache.solr.core.QuerySenderListener newSearcher
信息: QuerySenderListener done.
2013-11-18 17:20:19 org.apache.solr.core.SolrCore registerSearcher
信息: [] Registered new searcher Searcher@7ce1eae7 main
2013-11-18 17:20:19 org.apache.solr.search.SolrIndexSearcher close
信息: Closing Searcher@31554233 main
	fieldValueCache{lookups=0,hits=0,hitratio=0.00,inserts=0,evictions=0,size=0,warmupTime=0,cumulative_lookups=0,cumulative_hits=0,cumulative_hitratio=0.00,cumulative_inserts=0,cumulative_evictions=0}
	filterCache{lookups=0,hits=0,hitratio=0.00,inserts=0,evictions=0,size=0,warmupTime=0,cumulative_lookups=0,cumulative_hits=0,cumulative_hitratio=0.00,cumulative_inserts=0,cumulative_evictions=0}
	queryResultCache{lookups=0,hits=0,hitratio=0.00,inserts=2,evictions=0,size=2,warmupTime=0,cumulative_lookups=0,cumulative_hits=0,cumulative_hitratio=0.00,cumulative_inserts=0,cumulative_evictions=0}
	documentCache{lookups=0,hits=0,hitratio=0.00,inserts=0,evictions=0,size=0,warmupTime=0,cumulative_lookups=0,cumulative_hits=0,cumulative_hitratio=0.00,cumulative_inserts=0,cumulative_evictions=0}
2013-11-18 17:20:19 org.apache.solr.update.processor.LogUpdateProcessor finish
信息: {commit=} 0 7
2013-11-18 17:20:19 org.apache.solr.core.SolrCore execute
信息: [] webapp=/solr path=/update params={wt=ruby} status=0 QTime=7 
2013-11-18 17:20:19 org.apache.solr.core.SolrDeletionPolicy onInit
信息: SolrDeletionPolicy.onInit: commits:num=1
	commit{dir=/Users/zhe-mac/Code/MentorLandDeploy/solr/data/development/index,segFN=segments_1,version=1384824013358,generation=1,filenames=[segments_1]
2013-11-18 17:20:19 org.apache.solr.core.SolrDeletionPolicy updateCommits
信息: newest commit = 1384824013358
2013-11-18 17:20:19 org.apache.solr.update.processor.LogUpdateProcessor finish
信息: {deleteByQuery=type:Mentor} 0 3
2013-11-18 17:20:19 org.apache.solr.core.SolrCore execute
信息: [] webapp=/solr path=/update params={wt=ruby} status=0 QTime=3 
2013-11-18 17:20:19 org.apache.solr.update.DirectUpdateHandler2 commit
信息: start commit(optimize=false,waitFlush=false,waitSearcher=true,expungeDeletes=false)
2013-11-18 17:20:19 org.apache.solr.search.SolrIndexSearcher <init>
信息: Opening Searcher@12183272 main
2013-11-18 17:20:19 org.apache.solr.update.DirectUpdateHandler2 commit
信息: end_commit_flush
2013-11-18 17:20:19 org.apache.solr.search.SolrIndexSearcher warm
信息: autowarming Searcher@12183272 main from Searcher@7ce1eae7 main
	fieldValueCache{lookups=0,hits=0,hitratio=0.00,inserts=0,evictions=0,size=0,warmupTime=0,cumulative_lookups=0,cumulative_hits=0,cumulative_hitratio=0.00,cumulative_inserts=0,cumulative_evictions=0}
2013-11-18 17:20:19 org.apache.solr.search.SolrIndexSearcher warm
信息: autowarming result for Searcher@12183272 main
	fieldValueCache{lookups=0,hits=0,hitratio=0.00,inserts=0,evictions=0,size=0,warmupTime=0,cumulative_lookups=0,cumulative_hits=0,cumulative_hitratio=0.00,cumulative_inserts=0,cumulative_evictions=0}
2013-11-18 17:20:19 org.apache.solr.search.SolrIndexSearcher warm
信息: autowarming Searcher@12183272 main from Searcher@7ce1eae7 main
	filterCache{lookups=0,hits=0,hitratio=0.00,inserts=0,evictions=0,size=0,warmupTime=0,cumulative_lookups=0,cumulative_hits=0,cumulative_hitratio=0.00,cumulative_inserts=0,cumulative_evictions=0}
2013-11-18 17:20:19 org.apache.solr.search.SolrIndexSearcher warm
信息: autowarming result for Searcher@12183272 main
	filterCache{lookups=0,hits=0,hitratio=0.00,inserts=0,evictions=0,size=0,warmupTime=0,cumulative_lookups=0,cumulative_hits=0,cumulative_hitratio=0.00,cumulative_inserts=0,cumulative_evictions=0}
2013-11-18 17:20:19 org.apache.solr.search.SolrIndexSearcher warm
信息: autowarming Searcher@12183272 main from Searcher@7ce1eae7 main
	queryResultCache{lookups=0,hits=0,hitratio=0.00,inserts=0,evictions=0,size=0,warmupTime=0,cumulative_lookups=0,cumulative_hits=0,cumulative_hitratio=0.00,cumulative_inserts=0,cumulative_evictions=0}
2013-11-18 17:20:19 org.apache.solr.search.SolrIndexSearcher warm
信息: autowarming result for Searcher@12183272 main
	queryResultCache{lookups=0,hits=0,hitratio=0.00,inserts=0,evictions=0,size=0,warmupTime=0,cumulative_lookups=0,cumulative_hits=0,cumulative_hitratio=0.00,cumulative_inserts=0,cumulative_evictions=0}
2013-11-18 17:20:19 org.apache.solr.search.SolrIndexSearcher warm
信息: autowarming Searcher@12183272 main from Searcher@7ce1eae7 main
	documentCache{lookups=0,hits=0,hitratio=0.00,inserts=0,evictions=0,size=0,warmupTime=0,cumulative_lookups=0,cumulative_hits=0,cumulative_hitratio=0.00,cumulative_inserts=0,cumulative_evictions=0}
2013-11-18 17:20:19 org.apache.solr.search.SolrIndexSearcher warm
信息: autowarming result for Searcher@12183272 main
	documentCache{lookups=0,hits=0,hitratio=0.00,inserts=0,evictions=0,size=0,warmupTime=0,cumulative_lookups=0,cumulative_hits=0,cumulative_hitratio=0.00,cumulative_inserts=0,cumulative_evictions=0}
2013-11-18 17:20:19 org.apache.solr.core.QuerySenderListener newSearcher
信息: QuerySenderListener sending requests to Searcher@12183272 main
2013-11-18 17:20:19 org.apache.solr.core.QuerySenderListener newSearcher
信息: QuerySenderListener done.
2013-11-18 17:20:19 org.apache.solr.core.SolrCore registerSearcher
信息: [] Registered new searcher Searcher@12183272 main
2013-11-18 17:20:19 org.apache.solr.search.SolrIndexSearcher close
信息: Closing Searcher@7ce1eae7 main
	fieldValueCache{lookups=0,hits=0,hitratio=0.00,inserts=0,evictions=0,size=0,warmupTime=0,cumulative_lookups=0,cumulative_hits=0,cumulative_hitratio=0.00,cumulative_inserts=0,cumulative_evictions=0}
	filterCache{lookups=0,hits=0,hitratio=0.00,inserts=0,evictions=0,size=0,warmupTime=0,cumulative_lookups=0,cumulative_hits=0,cumulative_hitratio=0.00,cumulative_inserts=0,cumulative_evictions=0}
	queryResultCache{lookups=0,hits=0,hitratio=0.00,inserts=0,evictions=0,size=0,warmupTime=0,cumulative_lookups=0,cumulative_hits=0,cumulative_hitratio=0.00,cumulative_inserts=0,cumulative_evictions=0}
	documentCache{lookups=0,hits=0,hitratio=0.00,inserts=0,evictions=0,size=0,warmupTime=0,cumulative_lookups=0,cumulative_hits=0,cumulative_hitratio=0.00,cumulative_inserts=0,cumulative_evictions=0}
2013-11-18 17:20:19 org.apache.solr.update.processor.LogUpdateProcessor finish
信息: {commit=} 0 3
2013-11-18 17:20:19 org.apache.solr.core.SolrCore execute
信息: [] webapp=/solr path=/update params={wt=ruby} status=0 QTime=3 
2013-11-18 17:21:02 org.apache.solr.core.SolrDeletionPolicy onInit
信息: SolrDeletionPolicy.onInit: commits:num=1
	commit{dir=/Users/zhe-mac/Code/MentorLandDeploy/solr/data/development/index,segFN=segments_1,version=1384824013358,generation=1,filenames=[segments_1]
2013-11-18 17:21:02 org.apache.solr.core.SolrDeletionPolicy updateCommits
信息: newest commit = 1384824013358
2013-11-18 17:21:02 org.apache.solr.update.processor.LogUpdateProcessor finish
信息: {add=[Course 1]} 0 24
2013-11-18 17:21:02 org.apache.solr.core.SolrCore execute
信息: [] webapp=/solr path=/update params={wt=ruby} status=0 QTime=24 
2013-11-18 17:21:02 org.apache.solr.update.processor.LogUpdateProcessor finish
信息: {add=[Course 2]} 0 1
2013-11-18 17:21:02 org.apache.solr.core.SolrCore execute
信息: [] webapp=/solr path=/update params={wt=ruby} status=0 QTime=1 
2013-11-18 17:21:02 org.apache.solr.update.processor.LogUpdateProcessor finish
信息: {add=[Course 3]} 0 1
2013-11-18 17:21:02 org.apache.solr.core.SolrCore execute
信息: [] webapp=/solr path=/update params={wt=ruby} status=0 QTime=1 
2013-11-18 17:21:02 org.apache.solr.update.processor.LogUpdateProcessor finish
信息: {add=[Course 4]} 0 0
2013-11-18 17:21:02 org.apache.solr.core.SolrCore execute
信息: [] webapp=/solr path=/update params={wt=ruby} status=0 QTime=0 
2013-11-18 17:21:03 org.apache.solr.update.processor.LogUpdateProcessor finish
信息: {add=[Course 5]} 0 1
2013-11-18 17:21:03 org.apache.solr.core.SolrCore execute
信息: [] webapp=/solr path=/update params={wt=ruby} status=0 QTime=1 
2013-11-18 17:21:04 org.apache.solr.update.processor.LogUpdateProcessor finish
信息: {add=[Course 6]} 0 1
2013-11-18 17:21:04 org.apache.solr.core.SolrCore execute
信息: [] webapp=/solr path=/update params={wt=ruby} status=0 QTime=1 
2013-11-18 17:21:04 org.apache.solr.update.processor.LogUpdateProcessor finish
信息: {add=[Course 7]} 0 1
2013-11-18 17:21:04 org.apache.solr.core.SolrCore execute
信息: [] webapp=/solr path=/update params={wt=ruby} status=0 QTime=1 
2013-11-18 17:21:04 org.apache.solr.update.processor.LogUpdateProcessor finish
信息: {add=[Course 8]} 0 1
2013-11-18 17:21:04 org.apache.solr.core.SolrCore execute
信息: [] webapp=/solr path=/update params={wt=ruby} status=0 QTime=1 
2013-11-18 17:21:04 org.apache.solr.update.processor.LogUpdateProcessor finish
信息: {add=[Course 9]} 0 1
2013-11-18 17:21:04 org.apache.solr.core.SolrCore execute
信息: [] webapp=/solr path=/update params={wt=ruby} status=0 QTime=1 
2013-11-18 17:21:04 org.apache.solr.update.processor.LogUpdateProcessor finish
信息: {add=[Course 10]} 0 1
2013-11-18 17:21:04 org.apache.solr.core.SolrCore execute
信息: [] webapp=/solr path=/update params={wt=ruby} status=0 QTime=1 
2013-11-18 17:21:05 org.apache.solr.update.processor.LogUpdateProcessor finish
信息: {add=[Course 11]} 0 2
2013-11-18 17:21:05 org.apache.solr.core.SolrCore execute
信息: [] webapp=/solr path=/update params={wt=ruby} status=0 QTime=2 
2013-11-18 17:21:05 org.apache.solr.update.processor.LogUpdateProcessor finish
信息: {add=[Course 12]} 0 1
2013-11-18 17:21:05 org.apache.solr.core.SolrCore execute
信息: [] webapp=/solr path=/update params={wt=ruby} status=0 QTime=1 
2013-11-18 17:21:05 org.apache.solr.update.processor.LogUpdateProcessor finish
信息: {add=[Course 13]} 0 1
2013-11-18 17:21:05 org.apache.solr.core.SolrCore execute
信息: [] webapp=/solr path=/update params={wt=ruby} status=0 QTime=1 
2013-11-18 17:21:05 org.apache.solr.update.processor.LogUpdateProcessor finish
信息: {add=[Course 14]} 0 1
2013-11-18 17:21:05 org.apache.solr.core.SolrCore execute
信息: [] webapp=/solr path=/update params={wt=ruby} status=0 QTime=1 
2013-11-18 17:21:05 org.apache.solr.update.processor.LogUpdateProcessor finish
信息: {add=[Course 15]} 0 1
2013-11-18 17:21:05 org.apache.solr.core.SolrCore execute
信息: [] webapp=/solr path=/update params={wt=ruby} status=0 QTime=1 
2013-11-18 17:21:05 org.apache.solr.update.processor.LogUpdateProcessor finish
信息: {add=[Course 16]} 0 0
2013-11-18 17:21:05 org.apache.solr.core.SolrCore execute
信息: [] webapp=/solr path=/update params={wt=ruby} status=0 QTime=0 
2013-11-18 17:21:06 org.apache.solr.update.processor.LogUpdateProcessor finish
信息: {add=[Course 17]} 0 1
2013-11-18 17:21:06 org.apache.solr.core.SolrCore execute
信息: [] webapp=/solr path=/update params={wt=ruby} status=0 QTime=1 
2013-11-18 17:21:06 org.apache.solr.update.processor.LogUpdateProcessor finish
信息: {add=[Course 18]} 0 1
2013-11-18 17:21:06 org.apache.solr.core.SolrCore execute
信息: [] webapp=/solr path=/update params={wt=ruby} status=0 QTime=1 
2013-11-18 17:21:06 org.apache.solr.update.processor.LogUpdateProcessor finish
信息: {add=[Course 19]} 0 1
2013-11-18 17:21:06 org.apache.solr.core.SolrCore execute
信息: [] webapp=/solr path=/update params={wt=ruby} status=0 QTime=1 
2013-11-18 17:21:06 org.apache.solr.update.processor.LogUpdateProcessor finish
信息: {add=[Course 20]} 0 2
2013-11-18 17:21:06 org.apache.solr.core.SolrCore execute
信息: [] webapp=/solr path=/update params={wt=ruby} status=0 QTime=2 
2013-11-18 17:21:06 org.apache.solr.update.processor.LogUpdateProcessor finish
信息: {add=[Course 21]} 0 2
2013-11-18 17:21:06 org.apache.solr.core.SolrCore execute
信息: [] webapp=/solr path=/update params={wt=ruby} status=0 QTime=2 
2013-11-18 17:21:07 org.apache.solr.update.processor.LogUpdateProcessor finish
信息: {add=[Course 22]} 0 1
2013-11-18 17:21:07 org.apache.solr.core.SolrCore execute
信息: [] webapp=/solr path=/update params={wt=ruby} status=0 QTime=1 
2013-11-18 17:21:07 org.apache.solr.update.processor.LogUpdateProcessor finish
信息: {add=[Course 23]} 0 1
2013-11-18 17:21:07 org.apache.solr.core.SolrCore execute
信息: [] webapp=/solr path=/update params={wt=ruby} status=0 QTime=1 
2013-11-18 17:21:07 org.apache.solr.update.processor.LogUpdateProcessor finish
信息: {add=[Course 24]} 0 1
2013-11-18 17:21:07 org.apache.solr.core.SolrCore execute
信息: [] webapp=/solr path=/update params={wt=ruby} status=0 QTime=1 
2013-11-18 17:21:07 org.apache.solr.update.processor.LogUpdateProcessor finish
信息: {add=[Course 25]} 0 1
2013-11-18 17:21:07 org.apache.solr.core.SolrCore execute
信息: [] webapp=/solr path=/update params={wt=ruby} status=0 QTime=1 
2013-11-18 17:21:07 org.apache.solr.update.processor.LogUpdateProcessor finish
信息: {add=[Course 26]} 0 1
2013-11-18 17:21:07 org.apache.solr.core.SolrCore execute
信息: [] webapp=/solr path=/update params={wt=ruby} status=0 QTime=1 
2013-11-18 17:21:08 org.apache.solr.update.processor.LogUpdateProcessor finish
信息: {add=[Course 27]} 0 1
2013-11-18 17:21:08 org.apache.solr.core.SolrCore execute
信息: [] webapp=/solr path=/update params={wt=ruby} status=0 QTime=1 
2013-11-18 17:21:08 org.apache.solr.update.processor.LogUpdateProcessor finish
信息: {add=[Course 28]} 0 1
2013-11-18 17:21:08 org.apache.solr.core.SolrCore execute
信息: [] webapp=/solr path=/update params={wt=ruby} status=0 QTime=1 
2013-11-18 17:21:08 org.apache.solr.update.processor.LogUpdateProcessor finish
信息: {add=[Course 29]} 0 1
2013-11-18 17:21:08 org.apache.solr.core.SolrCore execute
信息: [] webapp=/solr path=/update params={wt=ruby} status=0 QTime=1 
2013-11-18 17:21:08 org.apache.solr.update.processor.LogUpdateProcessor finish
信息: {add=[Course 30]} 0 2
2013-11-18 17:21:08 org.apache.solr.core.SolrCore execute
信息: [] webapp=/solr path=/update params={wt=ruby} status=0 QTime=2 
2013-11-18 17:21:08 org.apache.solr.update.processor.LogUpdateProcessor finish
信息: {add=[Course 31]} 0 2
2013-11-18 17:21:08 org.apache.solr.core.SolrCore execute
信息: [] webapp=/solr path=/update params={wt=ruby} status=0 QTime=2 
2013-11-18 17:21:09 org.apache.solr.update.processor.LogUpdateProcessor finish
信息: {add=[Course 32]} 0 1
2013-11-18 17:21:09 org.apache.solr.core.SolrCore execute
信息: [] webapp=/solr path=/update params={wt=ruby} status=0 QTime=1 
2013-11-18 17:21:09 org.apache.solr.update.processor.LogUpdateProcessor finish
信息: {add=[Course 33]} 0 2
2013-11-18 17:21:09 org.apache.solr.core.SolrCore execute
信息: [] webapp=/solr path=/update params={wt=ruby} status=0 QTime=2 
2013-11-18 17:21:09 org.apache.solr.update.processor.LogUpdateProcessor finish
信息: {add=[Course 34]} 0 1
2013-11-18 17:21:09 org.apache.solr.core.SolrCore execute
信息: [] webapp=/solr path=/update params={wt=ruby} status=0 QTime=1 
2013-11-18 17:21:09 org.apache.solr.update.processor.LogUpdateProcessor finish
信息: {add=[Course 35]} 0 1
2013-11-18 17:21:09 org.apache.solr.core.SolrCore execute
信息: [] webapp=/solr path=/update params={wt=ruby} status=0 QTime=1 
2013-11-18 17:21:09 org.apache.solr.update.processor.LogUpdateProcessor finish
信息: {add=[Course 36]} 0 2
2013-11-18 17:21:09 org.apache.solr.core.SolrCore execute
信息: [] webapp=/solr path=/update params={wt=ruby} status=0 QTime=2 
2013-11-18 17:21:10 org.apache.solr.update.processor.LogUpdateProcessor finish
信息: {add=[Course 37]} 0 2
2013-11-18 17:21:10 org.apache.solr.core.SolrCore execute
信息: [] webapp=/solr path=/update params={wt=ruby} status=0 QTime=2 
2013-11-18 17:21:10 org.apache.solr.update.processor.LogUpdateProcessor finish
信息: {add=[Course 38]} 0 2
2013-11-18 17:21:10 org.apache.solr.core.SolrCore execute
信息: [] webapp=/solr path=/update params={wt=ruby} status=0 QTime=2 
2013-11-18 17:21:10 org.apache.solr.update.processor.LogUpdateProcessor finish
信息: {add=[Course 39]} 0 2
2013-11-18 17:21:10 org.apache.solr.core.SolrCore execute
信息: [] webapp=/solr path=/update params={wt=ruby} status=0 QTime=2 
2013-11-18 17:21:10 org.apache.solr.update.processor.LogUpdateProcessor finish
信息: {add=[Course 40]} 0 2
2013-11-18 17:21:10 org.apache.solr.core.SolrCore execute
信息: [] webapp=/solr path=/update params={wt=ruby} status=0 QTime=2 
2013-11-18 17:21:10 org.apache.solr.update.processor.LogUpdateProcessor finish
信息: {add=[Course 41]} 0 2
2013-11-18 17:21:10 org.apache.solr.core.SolrCore execute
信息: [] webapp=/solr path=/update params={wt=ruby} status=0 QTime=2 
2013-11-18 17:21:11 org.apache.solr.update.processor.LogUpdateProcessor finish
信息: {add=[Course 42]} 0 2
2013-11-18 17:21:11 org.apache.solr.core.SolrCore execute
信息: [] webapp=/solr path=/update params={wt=ruby} status=0 QTime=2 
2013-11-18 17:21:11 org.apache.solr.update.processor.LogUpdateProcessor finish
信息: {add=[Course 43]} 0 1
2013-11-18 17:21:11 org.apache.solr.core.SolrCore execute
信息: [] webapp=/solr path=/update params={wt=ruby} status=0 QTime=1 
2013-11-18 17:21:11 org.apache.solr.update.processor.LogUpdateProcessor finish
信息: {add=[Course 44]} 0 1
2013-11-18 17:21:11 org.apache.solr.core.SolrCore execute
信息: [] webapp=/solr path=/update params={wt=ruby} status=0 QTime=1 
2013-11-18 17:21:11 org.apache.solr.update.processor.LogUpdateProcessor finish
信息: {add=[Course 45]} 0 2
2013-11-18 17:21:11 org.apache.solr.core.SolrCore execute
信息: [] webapp=/solr path=/update params={wt=ruby} status=0 QTime=2 
2013-11-18 17:21:11 org.apache.solr.update.processor.LogUpdateProcessor finish
信息: {add=[Course 46]} 0 1
2013-11-18 17:21:11 org.apache.solr.core.SolrCore execute
信息: [] webapp=/solr path=/update params={wt=ruby} status=0 QTime=1 
2013-11-18 17:21:39 org.apache.solr.update.processor.LogUpdateProcessor finish
信息: {deleteByQuery=type:Course} 0 0
2013-11-18 17:21:39 org.apache.solr.core.SolrCore execute
信息: [] webapp=/solr path=/update params={wt=ruby} status=0 QTime=0 
2013-11-18 17:21:39 org.apache.solr.update.processor.LogUpdateProcessor finish
信息: {add=[Course 1, Course 2, Course 3, Course 4, Course 5, Course 6, Course 7, Course 8, ... (8 added)]} 0 25
2013-11-18 17:21:39 org.apache.solr.core.SolrCore execute
信息: [] webapp=/solr path=/update params={wt=ruby} status=0 QTime=25 
2013-11-18 17:21:39 org.apache.solr.update.DirectUpdateHandler2 commit
信息: start commit(optimize=false,waitFlush=false,waitSearcher=true,expungeDeletes=false)
2013-11-18 17:21:39 org.apache.solr.core.SolrDeletionPolicy onCommit
信息: SolrDeletionPolicy.onCommit: commits:num=2
	commit{dir=/Users/zhe-mac/Code/MentorLandDeploy/solr/data/development/index,segFN=segments_1,version=1384824013358,generation=1,filenames=[segments_1]
	commit{dir=/Users/zhe-mac/Code/MentorLandDeploy/solr/data/development/index,segFN=segments_2,version=1384824013359,generation=2,filenames=[_0.nrm, _0.tis, _0.fnm, _0.tii, _0.frq, _0_1.del, segments_2, _0.fdx, _0.prx, _0.fdt]
2013-11-18 17:21:39 org.apache.solr.core.SolrDeletionPolicy updateCommits
信息: newest commit = 1384824013359
2013-11-18 17:21:39 org.apache.solr.search.SolrIndexSearcher <init>
信息: Opening Searcher@34b6a6d6 main
2013-11-18 17:21:39 org.apache.solr.update.DirectUpdateHandler2 commit
信息: end_commit_flush
2013-11-18 17:21:39 org.apache.solr.search.SolrIndexSearcher warm
信息: autowarming Searcher@34b6a6d6 main from Searcher@12183272 main
	fieldValueCache{lookups=0,hits=0,hitratio=0.00,inserts=0,evictions=0,size=0,warmupTime=0,cumulative_lookups=0,cumulative_hits=0,cumulative_hitratio=0.00,cumulative_inserts=0,cumulative_evictions=0}
2013-11-18 17:21:39 org.apache.solr.search.SolrIndexSearcher warm
信息: autowarming result for Searcher@34b6a6d6 main
	fieldValueCache{lookups=0,hits=0,hitratio=0.00,inserts=0,evictions=0,size=0,warmupTime=0,cumulative_lookups=0,cumulative_hits=0,cumulative_hitratio=0.00,cumulative_inserts=0,cumulative_evictions=0}
2013-11-18 17:21:39 org.apache.solr.search.SolrIndexSearcher warm
信息: autowarming Searcher@34b6a6d6 main from Searcher@12183272 main
	filterCache{lookups=0,hits=0,hitratio=0.00,inserts=0,evictions=0,size=0,warmupTime=0,cumulative_lookups=0,cumulative_hits=0,cumulative_hitratio=0.00,cumulative_inserts=0,cumulative_evictions=0}
2013-11-18 17:21:39 org.apache.solr.search.SolrIndexSearcher warm
信息: autowarming result for Searcher@34b6a6d6 main
	filterCache{lookups=0,hits=0,hitratio=0.00,inserts=0,evictions=0,size=0,warmupTime=0,cumulative_lookups=0,cumulative_hits=0,cumulative_hitratio=0.00,cumulative_inserts=0,cumulative_evictions=0}
2013-11-18 17:21:39 org.apache.solr.search.SolrIndexSearcher warm
信息: autowarming Searcher@34b6a6d6 main from Searcher@12183272 main
	queryResultCache{lookups=0,hits=0,hitratio=0.00,inserts=0,evictions=0,size=0,warmupTime=0,cumulative_lookups=0,cumulative_hits=0,cumulative_hitratio=0.00,cumulative_inserts=0,cumulative_evictions=0}
2013-11-18 17:21:39 org.apache.solr.search.SolrIndexSearcher warm
信息: autowarming result for Searcher@34b6a6d6 main
	queryResultCache{lookups=0,hits=0,hitratio=0.00,inserts=0,evictions=0,size=0,warmupTime=0,cumulative_lookups=0,cumulative_hits=0,cumulative_hitratio=0.00,cumulative_inserts=0,cumulative_evictions=0}
2013-11-18 17:21:39 org.apache.solr.search.SolrIndexSearcher warm
信息: autowarming Searcher@34b6a6d6 main from Searcher@12183272 main
	documentCache{lookups=0,hits=0,hitratio=0.00,inserts=0,evictions=0,size=0,warmupTime=0,cumulative_lookups=0,cumulative_hits=0,cumulative_hitratio=0.00,cumulative_inserts=0,cumulative_evictions=0}
2013-11-18 17:21:39 org.apache.solr.search.SolrIndexSearcher warm
信息: autowarming result for Searcher@34b6a6d6 main
	documentCache{lookups=0,hits=0,hitratio=0.00,inserts=0,evictions=0,size=0,warmupTime=0,cumulative_lookups=0,cumulative_hits=0,cumulative_hitratio=0.00,cumulative_inserts=0,cumulative_evictions=0}
2013-11-18 17:21:39 org.apache.solr.core.QuerySenderListener newSearcher
信息: QuerySenderListener sending requests to Searcher@34b6a6d6 main
2013-11-18 17:21:39 org.apache.solr.core.QuerySenderListener newSearcher
信息: QuerySenderListener done.
2013-11-18 17:21:39 org.apache.solr.core.SolrCore registerSearcher
信息: [] Registered new searcher Searcher@34b6a6d6 main
2013-11-18 17:21:39 org.apache.solr.search.SolrIndexSearcher close
信息: Closing Searcher@12183272 main
	fieldValueCache{lookups=0,hits=0,hitratio=0.00,inserts=0,evictions=0,size=0,warmupTime=0,cumulative_lookups=0,cumulative_hits=0,cumulative_hitratio=0.00,cumulative_inserts=0,cumulative_evictions=0}
	filterCache{lookups=0,hits=0,hitratio=0.00,inserts=0,evictions=0,size=0,warmupTime=0,cumulative_lookups=0,cumulative_hits=0,cumulative_hitratio=0.00,cumulative_inserts=0,cumulative_evictions=0}
	queryResultCache{lookups=0,hits=0,hitratio=0.00,inserts=0,evictions=0,size=0,warmupTime=0,cumulative_lookups=0,cumulative_hits=0,cumulative_hitratio=0.00,cumulative_inserts=0,cumulative_evictions=0}
	documentCache{lookups=0,hits=0,hitratio=0.00,inserts=0,evictions=0,size=0,warmupTime=0,cumulative_lookups=0,cumulative_hits=0,cumulative_hitratio=0.00,cumulative_inserts=0,cumulative_evictions=0}
2013-11-18 17:21:39 org.apache.solr.update.processor.LogUpdateProcessor finish
信息: {commit=} 0 47
2013-11-18 17:21:39 org.apache.solr.core.SolrCore execute
信息: [] webapp=/solr path=/update params={wt=ruby} status=0 QTime=47 
2013-11-18 17:21:39 org.apache.solr.core.SolrDeletionPolicy onInit
信息: SolrDeletionPolicy.onInit: commits:num=1
	commit{dir=/Users/zhe-mac/Code/MentorLandDeploy/solr/data/development/index,segFN=segments_2,version=1384824013359,generation=2,filenames=[_0.nrm, _0.tis, _0.fnm, _0.tii, _0.frq, _0_1.del, segments_2, _0.fdx, _0.prx, _0.fdt]
2013-11-18 17:21:39 org.apache.solr.core.SolrDeletionPolicy updateCommits
信息: newest commit = 1384824013359
2013-11-18 17:21:39 org.apache.solr.update.processor.LogUpdateProcessor finish
信息: {deleteByQuery=type:Mentor} 0 4
2013-11-18 17:21:39 org.apache.solr.core.SolrCore execute
信息: [] webapp=/solr path=/update params={wt=ruby} status=0 QTime=4 
2013-11-18 17:21:39 org.apache.solr.update.processor.LogUpdateProcessor finish
信息: {add=[Mentor 1, Mentor 2, Mentor 3, Mentor 4, Mentor 5, Mentor 6, Mentor 7, Mentor 8, ... (8 added)]} 0 19
2013-11-18 17:21:39 org.apache.solr.core.SolrCore execute
信息: [] webapp=/solr path=/update params={wt=ruby} status=0 QTime=19 
2013-11-18 17:21:39 org.apache.solr.update.processor.LogUpdateProcessor finish
信息: {add=[Mentor 51, Mentor 52, Mentor 53, Mentor 54, Mentor 55, Mentor 56, Mentor 57, Mentor 58, ... (8 added)]} 0 27
2013-11-18 17:21:39 org.apache.solr.core.SolrCore execute
信息: [] webapp=/solr path=/update params={wt=ruby} status=0 QTime=27 
2013-11-18 17:21:39 org.apache.solr.update.processor.LogUpdateProcessor finish
信息: {add=[Mentor 101, Mentor 102, Mentor 103, Mentor 104, Mentor 105, Mentor 106, Mentor 107, Mentor 108, ... (8 added)]} 0 6
2013-11-18 17:21:39 org.apache.solr.core.SolrCore execute
信息: [] webapp=/solr path=/update params={wt=ruby} status=0 QTime=6 
2013-11-18 17:21:39 org.apache.solr.update.DirectUpdateHandler2 commit
信息: start commit(optimize=false,waitFlush=false,waitSearcher=true,expungeDeletes=false)
2013-11-18 17:21:39 org.apache.solr.core.SolrDeletionPolicy onCommit
信息: SolrDeletionPolicy.onCommit: commits:num=2
	commit{dir=/Users/zhe-mac/Code/MentorLandDeploy/solr/data/development/index,segFN=segments_2,version=1384824013359,generation=2,filenames=[_0.nrm, _0.tis, _0.fnm, _0.tii, _0.frq, _0_1.del, segments_2, _0.fdx, _0.prx, _0.fdt]
	commit{dir=/Users/zhe-mac/Code/MentorLandDeploy/solr/data/development/index,segFN=segments_3,version=1384824013360,generation=3,filenames=[_0.tis, _0.nrm, _1.tis, _0.fnm, _1.frq, _0_1.del, _1.fnm, _1.fdx, _1.prx, _0.tii, _1.fdt, _0.frq, _1.tii, _0.fdx, _0.prx, _1.nrm, segments_3, _0.fdt]
2013-11-18 17:21:39 org.apache.solr.core.SolrDeletionPolicy updateCommits
信息: newest commit = 1384824013360
2013-11-18 17:21:39 org.apache.solr.search.SolrIndexSearcher <init>
信息: Opening Searcher@3f72c47b main
2013-11-18 17:21:39 org.apache.solr.update.DirectUpdateHandler2 commit
信息: end_commit_flush
2013-11-18 17:21:39 org.apache.solr.search.SolrIndexSearcher warm
信息: autowarming Searcher@3f72c47b main from Searcher@34b6a6d6 main
	fieldValueCache{lookups=0,hits=0,hitratio=0.00,inserts=0,evictions=0,size=0,warmupTime=0,cumulative_lookups=0,cumulative_hits=0,cumulative_hitratio=0.00,cumulative_inserts=0,cumulative_evictions=0}
2013-11-18 17:21:39 org.apache.solr.search.SolrIndexSearcher warm
信息: autowarming result for Searcher@3f72c47b main
	fieldValueCache{lookups=0,hits=0,hitratio=0.00,inserts=0,evictions=0,size=0,warmupTime=0,cumulative_lookups=0,cumulative_hits=0,cumulative_hitratio=0.00,cumulative_inserts=0,cumulative_evictions=0}
2013-11-18 17:21:39 org.apache.solr.search.SolrIndexSearcher warm
信息: autowarming Searcher@3f72c47b main from Searcher@34b6a6d6 main
	filterCache{lookups=0,hits=0,hitratio=0.00,inserts=0,evictions=0,size=0,warmupTime=0,cumulative_lookups=0,cumulative_hits=0,cumulative_hitratio=0.00,cumulative_inserts=0,cumulative_evictions=0}
2013-11-18 17:21:39 org.apache.solr.search.SolrIndexSearcher warm
信息: autowarming result for Searcher@3f72c47b main
	filterCache{lookups=0,hits=0,hitratio=0.00,inserts=0,evictions=0,size=0,warmupTime=0,cumulative_lookups=0,cumulative_hits=0,cumulative_hitratio=0.00,cumulative_inserts=0,cumulative_evictions=0}
2013-11-18 17:21:39 org.apache.solr.search.SolrIndexSearcher warm
信息: autowarming Searcher@3f72c47b main from Searcher@34b6a6d6 main
	queryResultCache{lookups=0,hits=0,hitratio=0.00,inserts=0,evictions=0,size=0,warmupTime=0,cumulative_lookups=0,cumulative_hits=0,cumulative_hitratio=0.00,cumulative_inserts=0,cumulative_evictions=0}
2013-11-18 17:21:39 org.apache.solr.search.SolrIndexSearcher warm
信息: autowarming result for Searcher@3f72c47b main
	queryResultCache{lookups=0,hits=0,hitratio=0.00,inserts=0,evictions=0,size=0,warmupTime=0,cumulative_lookups=0,cumulative_hits=0,cumulative_hitratio=0.00,cumulative_inserts=0,cumulative_evictions=0}
2013-11-18 17:21:39 org.apache.solr.search.SolrIndexSearcher warm
信息: autowarming Searcher@3f72c47b main from Searcher@34b6a6d6 main
	documentCache{lookups=0,hits=0,hitratio=0.00,inserts=0,evictions=0,size=0,warmupTime=0,cumulative_lookups=0,cumulative_hits=0,cumulative_hitratio=0.00,cumulative_inserts=0,cumulative_evictions=0}
2013-11-18 17:21:39 org.apache.solr.search.SolrIndexSearcher warm
信息: autowarming result for Searcher@3f72c47b main
	documentCache{lookups=0,hits=0,hitratio=0.00,inserts=0,evictions=0,size=0,warmupTime=0,cumulative_lookups=0,cumulative_hits=0,cumulative_hitratio=0.00,cumulative_inserts=0,cumulative_evictions=0}
2013-11-18 17:21:39 org.apache.solr.core.QuerySenderListener newSearcher
信息: QuerySenderListener sending requests to Searcher@3f72c47b main
2013-11-18 17:21:39 org.apache.solr.core.QuerySenderListener newSearcher
信息: QuerySenderListener done.
2013-11-18 17:21:39 org.apache.solr.core.SolrCore registerSearcher
信息: [] Registered new searcher Searcher@3f72c47b main
2013-11-18 17:21:39 org.apache.solr.search.SolrIndexSearcher close
信息: Closing Searcher@34b6a6d6 main
	fieldValueCache{lookups=0,hits=0,hitratio=0.00,inserts=0,evictions=0,size=0,warmupTime=0,cumulative_lookups=0,cumulative_hits=0,cumulative_hitratio=0.00,cumulative_inserts=0,cumulative_evictions=0}
	filterCache{lookups=0,hits=0,hitratio=0.00,inserts=0,evictions=0,size=0,warmupTime=0,cumulative_lookups=0,cumulative_hits=0,cumulative_hitratio=0.00,cumulative_inserts=0,cumulative_evictions=0}
	queryResultCache{lookups=0,hits=0,hitratio=0.00,inserts=0,evictions=0,size=0,warmupTime=0,cumulative_lookups=0,cumulative_hits=0,cumulative_hitratio=0.00,cumulative_inserts=0,cumulative_evictions=0}
	documentCache{lookups=0,hits=0,hitratio=0.00,inserts=0,evictions=0,size=0,warmupTime=0,cumulative_lookups=0,cumulative_hits=0,cumulative_hitratio=0.00,cumulative_inserts=0,cumulative_evictions=0}
2013-11-18 17:21:39 org.apache.solr.update.processor.LogUpdateProcessor finish
信息: {commit=} 0 34
2013-11-18 17:21:39 org.apache.solr.core.SolrCore execute
信息: [] webapp=/solr path=/update params={wt=ruby} status=0 QTime=34 
2013-11-18 17:22:21 org.apache.solr.core.SolrCore execute
信息: [] webapp=/solr path=/select params={sort=price_e+asc&qf=name_text+description_text&hl.simple.pre=@@@hl@@@&wt=ruby&hl=on&defType=dismax&rows=10&fl=*+score&start=0&q=6&hl.simple.post=@@@endhl@@@&fq=type:Course} hits=5 status=0 QTime=36 
2013-11-18 17:22:27 org.apache.solr.core.SolrCore execute
信息: [] webapp=/solr path=/select params={sort=price_e+asc&qf=name_text+description_text&hl.simple.pre=@@@hl@@@&wt=ruby&hl=on&defType=dismax&rows=10&fl=*+score&start=0&q=A&hl.simple.post=@@@endhl@@@&fq=type:Course} hits=9 status=0 QTime=3 
2013-11-18 17:22:35 org.apache.solr.core.SolrCore execute
信息: [] webapp=/solr path=/select params={sort=price_e+asc&qf=name_text+description_text&hl.simple.pre=@@@hl@@@&wt=ruby&hl=on&defType=dismax&rows=10&fl=*+score&start=0&q=course&hl.simple.post=@@@endhl@@@&fq=type:Course} hits=42 status=0 QTime=2 
2013-11-18 17:22:38 org.apache.solr.core.SolrCore execute
信息: [] webapp=/solr path=/select params={sort=price_e+asc&qf=name_text+description_text&hl.simple.pre=@@@hl@@@&wt=ruby&hl=on&defType=dismax&rows=10&fl=*+score&start=10&q=course&hl.simple.post=@@@endhl@@@&fq=type:Course} hits=42 status=0 QTime=1 
2013-11-18 17:22:39 org.apache.solr.core.SolrCore execute
信息: [] webapp=/solr path=/select params={sort=price_e+asc&qf=name_text+description_text&hl.simple.pre=@@@hl@@@&wt=ruby&hl=on&defType=dismax&rows=10&fl=*+score&start=20&q=course&hl.simple.post=@@@endhl@@@&fq=type:Course} hits=42 status=0 QTime=3 
2013-11-18 17:22:42 org.apache.solr.core.SolrCore execute
信息: [] webapp=/solr path=/select params={sort=price_e+asc&qf=name_text+description_text&hl.simple.pre=@@@hl@@@&wt=ruby&hl=on&defType=dismax&rows=10&fl=*+score&start=30&q=course&hl.simple.post=@@@endhl@@@&fq=type:Course} hits=42 status=0 QTime=2 
2013-11-18 17:22:43 org.apache.solr.core.SolrCore execute
信息: [] webapp=/solr path=/select params={sort=price_e+asc&qf=name_text+description_text&hl.simple.pre=@@@hl@@@&wt=ruby&hl=on&defType=dismax&rows=10&fl=*+score&start=40&q=course&hl.simple.post=@@@endhl@@@&fq=type:Course} hits=42 status=0 QTime=3 
2013-11-18 17:22:45 org.apache.solr.core.SolrCore execute
信息: [] webapp=/solr path=/select params={sort=price_e+asc&qf=name_text+description_text&hl.simple.pre=@@@hl@@@&wt=ruby&hl=on&defType=dismax&rows=10&fl=*+score&start=30&q=course&hl.simple.post=@@@endhl@@@&fq=type:Course} hits=42 status=0 QTime=1 
2013-11-18 17:22:47 org.apache.solr.core.SolrCore execute
信息: [] webapp=/solr path=/select params={sort=price_e+asc&qf=name_text+description_text&hl.simple.pre=@@@hl@@@&wt=ruby&hl=on&defType=dismax&rows=10&fl=*+score&start=20&q=course&hl.simple.post=@@@endhl@@@&fq=type:Course} hits=42 status=0 QTime=1 
2013-11-18 17:22:48 org.apache.solr.core.SolrCore execute
信息: [] webapp=/solr path=/select params={sort=price_e+asc&qf=name_text+description_text&hl.simple.pre=@@@hl@@@&wt=ruby&hl=on&defType=dismax&rows=10&fl=*+score&start=10&q=course&hl.simple.post=@@@endhl@@@&fq=type:Course} hits=42 status=0 QTime=2 
2013-11-18 17:22:49 org.apache.solr.core.SolrCore execute
信息: [] webapp=/solr path=/select params={sort=price_e+asc&qf=name_text+description_text&hl.simple.pre=@@@hl@@@&wt=ruby&hl=on&defType=dismax&rows=10&fl=*+score&start=0&q=course&hl.simple.post=@@@endhl@@@&fq=type:Course} hits=42 status=0 QTime=1 
2013-11-18 17:23:12 org.apache.solr.core.SolrCore execute
信息: [] webapp=/solr path=/select params={sort=price_e+asc&qf=name_text+description_text&hl.simple.pre=@@@hl@@@&wt=ruby&hl=on&defType=dismax&rows=10&fl=*+score&start=0&q=course&hl.simple.post=@@@endhl@@@&fq=type:Course} hits=42 status=0 QTime=2 
